This is pdfTeX, Version 3.14159265-2.6-1.40.21 (MiKTeX 20.12) (preloaded format=pdflatex 2021.1.2)  31 JUL 2023 22:45
entering extended mode
**c:/Users/ifang/Documents/2901grpAssign/main.tex
(c:/Users/ifang/Documents/2901grpAssign/main.tex
LaTeX2e <2020-10-01> patch level 2
L3 programming layer <2020-12-07> xparse <2020-03-03> (C:\Users\ifang\AppData\Local\Programs\MiKTeX\tex/latex/base\article.cls
Document Class: article 2020/04/10 v1.4m Standard LaTeX document class
(C:\Users\ifang\AppData\Local\Programs\MiKTeX\tex/latex/base\size10.clo
File: size10.clo 2020/04/10 v1.4m Standard LaTeX file (size option)
)
\c@part=\count177
\c@section=\count178
\c@subsection=\count179
\c@subsubsection=\count180
\c@paragraph=\count181
\c@subparagraph=\count182
\c@figure=\count183
\c@table=\count184
\abovecaptionskip=\skip47
\belowcaptionskip=\skip48
\bibindent=\dimen138
) (C:\Users\ifang\AppData\Local\Programs\MiKTeX\tex/latex/parskip\parskip.sty
Package: parskip 2021-03-14 v2.0h non-zero parskip adjustments
 (C:\Users\ifang\AppData\Local\Programs\MiKTeX\tex/latex/kvoptions\kvoptions.sty
Package: kvoptions 2020-10-07 v3.14 Key value format for package options (HO)
 (C:\Users\ifang\AppData\Local\Programs\MiKTeX\tex/latex/graphics\keyval.sty
Package: keyval 2014/10/28 v1.15 key=value parser (DPC)
\KV@toks@=\toks15
) (C:\Users\ifang\AppData\Local\Programs\MiKTeX\tex/generic/ltxcmds\ltxcmds.sty
Package: ltxcmds 2020-05-10 v1.25 LaTeX kernel commands for general use (HO)
) (C:\Users\ifang\AppData\Local\Programs\MiKTeX\tex/generic/kvsetkeys\kvsetkeys.sty
Package: kvsetkeys 2019/12/15 v1.18 Key value parser (HO)
)) (C:\Users\ifang\AppData\Local\Programs\MiKTeX\tex/latex/etoolbox\etoolbox.sty
Package: etoolbox 2020/10/05 v2.5k e-TeX tools for LaTeX (JAW)
\etb@tempcnta=\count185
)) (C:\Users\ifang\AppData\Local\Programs\MiKTeX\tex/latex/amsmath\amsmath.sty
Package: amsmath 2020/09/23 v2.17i AMS math features
\@mathmargin=\skip49

For additional information on amsmath, use the `?' option.
(C:\Users\ifang\AppData\Local\Programs\MiKTeX\tex/latex/amsmath\amstext.sty
Package: amstext 2000/06/29 v2.01 AMS text
 (C:\Users\ifang\AppData\Local\Programs\MiKTeX\tex/latex/amsmath\amsgen.sty
File: amsgen.sty 1999/11/30 v2.0 generic functions
\@emptytoks=\toks16
\ex@=\dimen139
)) (C:\Users\ifang\AppData\Local\Programs\MiKTeX\tex/latex/amsmath\amsbsy.sty
Package: amsbsy 1999/11/29 v1.2d Bold Symbols
\pmbraise@=\dimen140
) (C:\Users\ifang\AppData\Local\Programs\MiKTeX\tex/latex/amsmath\amsopn.sty
Package: amsopn 2016/03/08 v2.02 operator names
)
\inf@bad=\count186
LaTeX Info: Redefining \frac on input line 234.
\uproot@=\count187
\leftroot@=\count188
LaTeX Info: Redefining \overline on input line 399.
\classnum@=\count189
\DOTSCASE@=\count190
LaTeX Info: Redefining \ldots on input line 496.
LaTeX Info: Redefining \dots on input line 499.
LaTeX Info: Redefining \cdots on input line 620.
\Mathstrutbox@=\box47
\strutbox@=\box48
\big@size=\dimen141
LaTeX Font Info:    Redeclaring font encoding OML on input line 743.
LaTeX Font Info:    Redeclaring font encoding OMS on input line 744.
\macc@depth=\count191
\c@MaxMatrixCols=\count192
\dotsspace@=\muskip16
\c@parentequation=\count193
\dspbrk@lvl=\count194
\tag@help=\toks17
\row@=\count195
\column@=\count196
\maxfields@=\count197
\andhelp@=\toks18
\eqnshift@=\dimen142
\alignsep@=\dimen143
\tagshift@=\dimen144
\tagwidth@=\dimen145
\totwidth@=\dimen146
\lineht@=\dimen147
\@envbody=\toks19
\multlinegap=\skip50
\multlinetaggap=\skip51
\mathdisplay@stack=\toks20
LaTeX Info: Redefining \[ on input line 2923.
LaTeX Info: Redefining \] on input line 2924.
) (C:\Users\ifang\AppData\Local\Programs\MiKTeX\tex/latex/amscls\amsthm.sty
Package: amsthm 2020/05/29 v2.20.6
\thm@style=\toks21
\thm@bodyfont=\toks22
\thm@headfont=\toks23
\thm@notefont=\toks24
\thm@headpunct=\toks25
\thm@preskip=\skip52
\thm@postskip=\skip53
\thm@headsep=\skip54
\dth@everypar=\toks26
) (c:/Users\ifang\Documents\2901grpAssign\structure.tex (C:\Users\ifang\AppData\Local\Programs\MiKTeX\tex/latex/amsfonts\amsfonts.sty
Package: amsfonts 2013/01/14 v3.01 Basic AMSFonts support
\symAMSa=\mathgroup4
\symAMSb=\mathgroup5
LaTeX Font Info:    Redeclaring math symbol \hbar on input line 98.
LaTeX Font Info:    Overwriting math alphabet `\mathfrak' in version `bold'
(Font)                  U/euf/m/n --> U/euf/b/n on input line 106.
) (C:\Users\ifang\AppData\Local\Programs\MiKTeX\tex/latex/stmaryrd\stmaryrd.sty
Package: stmaryrd 1994/03/03 St Mary's Road symbol package
\symstmry=\mathgroup6
LaTeX Font Info:    Overwriting symbol font `stmry' in version `bold'
(Font)                  U/stmry/m/n --> U/stmry/b/n on input line 89.
) (C:\Users\ifang\AppData\Local\Programs\MiKTeX\tex/latex/amsfonts\amssymb.sty
Package: amssymb 2013/01/14 v3.01 AMS font symbols
LaTeX Font Info:    Redeclaring math symbol \boxdot on input line 44.
) (C:\Users\ifang\AppData\Local\Programs\MiKTeX\tex/latex/tools\enumerate.sty
Package: enumerate 2015/07/23 v3.00 enumerate extensions (DPC)
\@enLab=\toks27
) (C:\Users\ifang\AppData\Local\Programs\MiKTeX\tex/latex/algorithm2e\algorithm2e.sty
Package: algorithm2e 2017/07/18 v5.2 algorithms environments
\c@AlgoLine=\count198
 (C:\Users\ifang\AppData\Local\Programs\MiKTeX\tex/latex/base\ifthen.sty
Package: ifthen 2014/09/29 v1.1c Standard LaTeX ifthen package (DPC)
)
\algocf@hangindent=\skip55
 (C:\Users\ifang\AppData\Local\Programs\MiKTeX\tex/latex/ifoddpage\ifoddpage.sty
Package: ifoddpage 2016/04/23 v1.1 Conditionals for odd/even page detection
\c@checkoddpage=\count199
) (C:\Users\ifang\AppData\Local\Programs\MiKTeX\tex/latex/tools\xspace.sty
Package: xspace 2014/10/28 v1.13 Space after command names (DPC,MH)
) (C:\Users\ifang\AppData\Local\Programs\MiKTeX\tex/latex/relsize\relsize.sty
Package: relsize 2013/03/29 ver 4.1
)
\skiptotal=\skip56
\skiplinenumber=\skip57
\skiprule=\skip58
\skiphlne=\skip59
\skiptext=\skip60
\skiplength=\skip61
\algomargin=\skip62
\skipalgocfslide=\skip63
\algowidth=\dimen148
\inoutsize=\dimen149
\inoutindent=\dimen150
\interspacetitleruled=\dimen151
\interspacealgoruled=\dimen152
\interspacetitleboxruled=\dimen153
\algocf@ruledwidth=\skip64
\algocf@inoutbox=\box49
\algocf@inputbox=\box50
\AlCapSkip=\skip65
\AlCapHSkip=\skip66
\algoskipindent=\skip67
\algocf@nlbox=\box51
\algocf@hangingbox=\box52
\algocf@untilbox=\box53
\algocf@skipuntil=\skip68
\algocf@capbox=\box54
\algocf@lcaptionbox=\skip69
\algoheightruledefault=\skip70
\algoheightrule=\skip71
\algotitleheightruledefault=\skip72
\algotitleheightrule=\skip73
\c@algocfline=\count266
\c@algocfproc=\count267
\c@algocf=\count268
\algocf@algoframe=\box55
\algocf@algobox=\box56
) (C:\Users\ifang\AppData\Local\Programs\MiKTeX\tex/latex/mdframed\mdframed.sty
Package: mdframed 2013/07/01 1.9b: mdframed
 (C:\Users\ifang\AppData\Local\Programs\MiKTeX\tex/latex/l3packages/xparse\xparse.sty (C:\Users\ifang\AppData\Local\Programs\MiKTeX\tex/latex/l3kernel\expl3.sty
Package: expl3 2020-12-07 L3 programming layer (loader) 
 (C:\Users\ifang\AppData\Local\Programs\MiKTeX\tex/latex/l3backend\l3backend-pdftex.def
File: l3backend-pdftex.def 2020-09-24 L3 backend support: PDF output (pdfTeX)
\l__kernel_color_stack_int=\count269
\l__pdf_internal_box=\box57
))
Package: xparse 2020-10-27 L3 Experimental document command parser
 (C:\Users\ifang\AppData\Local\Programs\MiKTeX\tex/latex/l3packages/xparse\xparse-generic.tex)) (C:\Users\ifang\AppData\Local\Programs\MiKTeX\tex/latex/zref\zref-abspage.sty
Package: zref-abspage 2020-07-03 v2.32 Module abspage for zref (HO)
 (C:\Users\ifang\AppData\Local\Programs\MiKTeX\tex/latex/zref\zref-base.sty
Package: zref-base 2020-07-03 v2.32 Module base for zref (HO)
 (C:\Users\ifang\AppData\Local\Programs\MiKTeX\tex/generic/infwarerr\infwarerr.sty
Package: infwarerr 2019/12/03 v1.5 Providing info/warning/error messages (HO)
) (C:\Users\ifang\AppData\Local\Programs\MiKTeX\tex/generic/kvdefinekeys\kvdefinekeys.sty
Package: kvdefinekeys 2019-12-19 v1.6 Define keys (HO)
) (C:\Users\ifang\AppData\Local\Programs\MiKTeX\tex/generic/pdftexcmds\pdftexcmds.sty
Package: pdftexcmds 2020-06-27 v0.33 Utility functions of pdfTeX for LuaTeX (HO)
 (C:\Users\ifang\AppData\Local\Programs\MiKTeX\tex/generic/iftex\iftex.sty
Package: iftex 2020/03/06 v1.0d TeX engine tests
)
Package pdftexcmds Info: \pdf@primitive is available.
Package pdftexcmds Info: \pdf@ifprimitive is available.
Package pdftexcmds Info: \pdfdraftmode found.
) (C:\Users\ifang\AppData\Local\Programs\MiKTeX\tex/generic/etexcmds\etexcmds.sty
Package: etexcmds 2019/12/15 v1.7 Avoid name clashes with e-TeX commands (HO)
) (C:\Users\ifang\AppData\Local\Programs\MiKTeX\tex/latex/auxhook\auxhook.sty
Package: auxhook 2019-12-17 v1.6 Hooks for auxiliary files (HO)
)
Package zref Info: New property list: main on input line 764.
Package zref Info: New property: default on input line 765.
Package zref Info: New property: page on input line 766.
) (C:\Users\ifang\AppData\Local\Programs\MiKTeX\tex/latex/base\atbegshi-ltx.sty
Package: atbegshi-ltx 2020/08/17 v1.0a Emulation of the original atbegshi package
with kernel methods
)
\c@abspage=\count270
Package zref Info: New property: abspage on input line 66.
) (C:\Users\ifang\AppData\Local\Programs\MiKTeX\tex/latex/needspace\needspace.sty
Package: needspace 2010/09/12 v1.3d reserve vertical space
) (C:\Users\ifang\AppData\Local\Programs\MiKTeX\tex/latex/graphics\color.sty
Package: color 2020/02/24 v1.2b Standard LaTeX Color (DPC)
 (C:\Users\ifang\AppData\Local\Programs\MiKTeX\tex/latex/graphics-cfg\color.cfg
File: color.cfg 2016/01/02 v1.6 sample color configuration
)
Package color Info: Driver file: pdftex.def on input line 147.
 (C:\Users\ifang\AppData\Local\Programs\MiKTeX\tex/latex/graphics-def\pdftex.def
File: pdftex.def 2020/10/05 v1.2a Graphics/color driver for pdftex
))
\mdf@templength=\skip74
\c@mdf@globalstyle@cnt=\count271
\mdf@skipabove@length=\skip75
\mdf@skipbelow@length=\skip76
\mdf@leftmargin@length=\skip77
\mdf@rightmargin@length=\skip78
\mdf@innerleftmargin@length=\skip79
\mdf@innerrightmargin@length=\skip80
\mdf@innertopmargin@length=\skip81
\mdf@innerbottommargin@length=\skip82
\mdf@splittopskip@length=\skip83
\mdf@splitbottomskip@length=\skip84
\mdf@outermargin@length=\skip85
\mdf@innermargin@length=\skip86
\mdf@linewidth@length=\skip87
\mdf@innerlinewidth@length=\skip88
\mdf@middlelinewidth@length=\skip89
\mdf@outerlinewidth@length=\skip90
\mdf@roundcorner@length=\skip91
\mdf@footenotedistance@length=\skip92
\mdf@userdefinedwidth@length=\skip93
\mdf@needspace@length=\skip94
\mdf@frametitleaboveskip@length=\skip95
\mdf@frametitlebelowskip@length=\skip96
\mdf@frametitlerulewidth@length=\skip97
\mdf@frametitleleftmargin@length=\skip98
\mdf@frametitlerightmargin@length=\skip99
\mdf@shadowsize@length=\skip100
\mdf@extratopheight@length=\skip101
\mdf@subtitleabovelinewidth@length=\skip102
\mdf@subtitlebelowlinewidth@length=\skip103
\mdf@subtitleaboveskip@length=\skip104
\mdf@subtitlebelowskip@length=\skip105
\mdf@subtitleinneraboveskip@length=\skip106
\mdf@subtitleinnerbelowskip@length=\skip107
\mdf@subsubtitleabovelinewidth@length=\skip108
\mdf@subsubtitlebelowlinewidth@length=\skip109
\mdf@subsubtitleaboveskip@length=\skip110
\mdf@subsubtitlebelowskip@length=\skip111
\mdf@subsubtitleinneraboveskip@length=\skip112
\mdf@subsubtitleinnerbelowskip@length=\skip113
 (C:\Users\ifang\AppData\Local\Programs\MiKTeX\tex/latex/pgf/frontendlayer\tikz.sty (C:\Users\ifang\AppData\Local\Programs\MiKTeX\tex/latex/pgf/basiclayer\pgf.sty (C:\Users\ifang\AppData\Local\Programs\MiKTeX\tex/latex/pgf/utilities\pgfrcs.sty (C:\Users\ifang\AppData\Local\Programs\MiKTeX\tex/generic/pgf/utilities\pgfutil-common.tex
\pgfutil@everybye=\toks28
\pgfutil@tempdima=\dimen154
\pgfutil@tempdimb=\dimen155
 (C:\Users\ifang\AppData\Local\Programs\MiKTeX\tex/generic/pgf/utilities\pgfutil-common-lists.tex)) (C:\Users\ifang\AppData\Local\Programs\MiKTeX\tex/generic/pgf/utilities\pgfutil-latex.def
\pgfutil@abb=\box58
) (C:\Users\ifang\AppData\Local\Programs\MiKTeX\tex/generic/pgf/utilities\pgfrcs.code.tex (C:\Users\ifang\AppData\Local\Programs\MiKTeX\tex/generic/pgf\pgf.revision.tex)
Package: pgfrcs 2020/12/01 v3.1.7a (3.1.7a)
))
Package: pgf 2020/12/01 v3.1.7a (3.1.7a)
 (C:\Users\ifang\AppData\Local\Programs\MiKTeX\tex/latex/pgf/basiclayer\pgfcore.sty (C:\Users\ifang\AppData\Local\Programs\MiKTeX\tex/latex/graphics\graphicx.sty
Package: graphicx 2020/09/09 v1.2b Enhanced LaTeX Graphics (DPC,SPQR)
 (C:\Users\ifang\AppData\Local\Programs\MiKTeX\tex/latex/graphics\graphics.sty
Package: graphics 2020/08/30 v1.4c Standard LaTeX Graphics (DPC,SPQR)
 (C:\Users\ifang\AppData\Local\Programs\MiKTeX\tex/latex/graphics\trig.sty
Package: trig 2016/01/03 v1.10 sin cos tan (DPC)
) (C:\Users\ifang\AppData\Local\Programs\MiKTeX\tex/latex/graphics-cfg\graphics.cfg
File: graphics.cfg 2016/06/04 v1.11 sample graphics configuration
)
Package graphics Info: Driver file: pdftex.def on input line 105.
)
\Gin@req@height=\dimen156
\Gin@req@width=\dimen157
) (C:\Users\ifang\AppData\Local\Programs\MiKTeX\tex/latex/pgf/systemlayer\pgfsys.sty (C:\Users\ifang\AppData\Local\Programs\MiKTeX\tex/generic/pgf/systemlayer\pgfsys.code.tex
Package: pgfsys 2020/12/01 v3.1.7a (3.1.7a)
 (C:\Users\ifang\AppData\Local\Programs\MiKTeX\tex/generic/pgf/utilities\pgfkeys.code.tex
\pgfkeys@pathtoks=\toks29
\pgfkeys@temptoks=\toks30
 (C:\Users\ifang\AppData\Local\Programs\MiKTeX\tex/generic/pgf/utilities\pgfkeysfiltered.code.tex
\pgfkeys@tmptoks=\toks31
))
\pgf@x=\dimen158
\pgf@y=\dimen159
\pgf@xa=\dimen160
\pgf@ya=\dimen161
\pgf@xb=\dimen162
\pgf@yb=\dimen163
\pgf@xc=\dimen164
\pgf@yc=\dimen165
\pgf@xd=\dimen166
\pgf@yd=\dimen167
\w@pgf@writea=\write3
\r@pgf@reada=\read2
\c@pgf@counta=\count272
\c@pgf@countb=\count273
\c@pgf@countc=\count274
\c@pgf@countd=\count275
\t@pgf@toka=\toks32
\t@pgf@tokb=\toks33
\t@pgf@tokc=\toks34
\pgf@sys@id@count=\count276
 (C:\Users\ifang\AppData\Local\Programs\MiKTeX\tex/generic/pgf/systemlayer\pgf.cfg
File: pgf.cfg 2020/12/01 v3.1.7a (3.1.7a)
)
Driver file for pgf: pgfsys-pdftex.def
 (C:\Users\ifang\AppData\Local\Programs\MiKTeX\tex/generic/pgf/systemlayer\pgfsys-pdftex.def
File: pgfsys-pdftex.def 2020/12/01 v3.1.7a (3.1.7a)
 (C:\Users\ifang\AppData\Local\Programs\MiKTeX\tex/generic/pgf/systemlayer\pgfsys-common-pdf.def
File: pgfsys-common-pdf.def 2020/12/01 v3.1.7a (3.1.7a)
))) (C:\Users\ifang\AppData\Local\Programs\MiKTeX\tex/generic/pgf/systemlayer\pgfsyssoftpath.code.tex
File: pgfsyssoftpath.code.tex 2020/12/01 v3.1.7a (3.1.7a)
\pgfsyssoftpath@smallbuffer@items=\count277
\pgfsyssoftpath@bigbuffer@items=\count278
) (C:\Users\ifang\AppData\Local\Programs\MiKTeX\tex/generic/pgf/systemlayer\pgfsysprotocol.code.tex
File: pgfsysprotocol.code.tex 2020/12/01 v3.1.7a (3.1.7a)
)) (C:\Users\ifang\AppData\Local\Programs\MiKTeX\tex/latex/xcolor\xcolor.sty
Package: xcolor 2016/05/11 v2.12 LaTeX color extensions (UK)
 (C:\Users\ifang\AppData\Local\Programs\MiKTeX\tex/latex/graphics-cfg\color.cfg
File: color.cfg 2016/01/02 v1.6 sample color configuration
)
Package xcolor Info: Driver file: pdftex.def on input line 225.
LaTeX Info: Redefining \color on input line 709.
Package xcolor Info: Model `cmy' substituted by `cmy0' on input line 1348.
Package xcolor Info: Model `hsb' substituted by `rgb' on input line 1352.
Package xcolor Info: Model `RGB' extended on input line 1364.
Package xcolor Info: Model `HTML' substituted by `rgb' on input line 1366.
Package xcolor Info: Model `Hsb' substituted by `hsb' on input line 1367.
Package xcolor Info: Model `tHsb' substituted by `hsb' on input line 1368.
Package xcolor Info: Model `HSB' substituted by `hsb' on input line 1369.
Package xcolor Info: Model `Gray' substituted by `gray' on input line 1370.
Package xcolor Info: Model `wave' substituted by `hsb' on input line 1371.
) (C:\Users\ifang\AppData\Local\Programs\MiKTeX\tex/generic/pgf/basiclayer\pgfcore.code.tex
Package: pgfcore 2020/12/01 v3.1.7a (3.1.7a)
 (C:\Users\ifang\AppData\Local\Programs\MiKTeX\tex/generic/pgf/math\pgfmath.code.tex (C:\Users\ifang\AppData\Local\Programs\MiKTeX\tex/generic/pgf/math\pgfmathcalc.code.tex (C:\Users\ifang\AppData\Local\Programs\MiKTeX\tex/generic/pgf/math\pgfmathutil.code.tex) (C:\Users\ifang\AppData\Local\Programs\MiKTeX\tex/generic/pgf/math\pgfmathparser.code.tex
\pgfmath@dimen=\dimen168
\pgfmath@count=\count279
\pgfmath@box=\box59
\pgfmath@toks=\toks35
\pgfmath@stack@operand=\toks36
\pgfmath@stack@operation=\toks37
) (C:\Users\ifang\AppData\Local\Programs\MiKTeX\tex/generic/pgf/math\pgfmathfunctions.code.tex (C:\Users\ifang\AppData\Local\Programs\MiKTeX\tex/generic/pgf/math\pgfmathfunctions.basic.code.tex) (C:\Users\ifang\AppData\Local\Programs\MiKTeX\tex/generic/pgf/math\pgfmathfunctions.trigonometric.code.tex) (C:\Users\ifang\AppData\Local\Programs\MiKTeX\tex/generic/pgf/math\pgfmathfunctions.random.code.tex) (C:\Users\ifang\AppData\Local\Programs\MiKTeX\tex/generic/pgf/math\pgfmathfunctions.comparison.code.tex) (C:\Users\ifang\AppData\Local\Programs\MiKTeX\tex/generic/pgf/math\pgfmathfunctions.base.code.tex) (C:\Users\ifang\AppData\Local\Programs\MiKTeX\tex/generic/pgf/math\pgfmathfunctions.round.code.tex) (C:\Users\ifang\AppData\Local\Programs\MiKTeX\tex/generic/pgf/math\pgfmathfunctions.misc.code.tex) (C:\Users\ifang\AppData\Local\Programs\MiKTeX\tex/generic/pgf/math\pgfmathfunctions.integerarithmetics.code.tex))) (C:\Users\ifang\AppData\Local\Programs\MiKTeX\tex/generic/pgf/math\pgfmathfloat.code.tex
\c@pgfmathroundto@lastzeros=\count280
)) (C:\Users\ifang\AppData\Local\Programs\MiKTeX\tex/generic/pgf/math\pgfint.code.tex) (C:\Users\ifang\AppData\Local\Programs\MiKTeX\tex/generic/pgf/basiclayer\pgfcorepoints.code.tex
File: pgfcorepoints.code.tex 2020/12/01 v3.1.7a (3.1.7a)
\pgf@picminx=\dimen169
\pgf@picmaxx=\dimen170
\pgf@picminy=\dimen171
\pgf@picmaxy=\dimen172
\pgf@pathminx=\dimen173
\pgf@pathmaxx=\dimen174
\pgf@pathminy=\dimen175
\pgf@pathmaxy=\dimen176
\pgf@xx=\dimen177
\pgf@xy=\dimen178
\pgf@yx=\dimen179
\pgf@yy=\dimen180
\pgf@zx=\dimen181
\pgf@zy=\dimen182
) (C:\Users\ifang\AppData\Local\Programs\MiKTeX\tex/generic/pgf/basiclayer\pgfcorepathconstruct.code.tex
File: pgfcorepathconstruct.code.tex 2020/12/01 v3.1.7a (3.1.7a)
\pgf@path@lastx=\dimen183
\pgf@path@lasty=\dimen184
) (C:\Users\ifang\AppData\Local\Programs\MiKTeX\tex/generic/pgf/basiclayer\pgfcorepathusage.code.tex
File: pgfcorepathusage.code.tex 2020/12/01 v3.1.7a (3.1.7a)
\pgf@shorten@end@additional=\dimen185
\pgf@shorten@start@additional=\dimen186
) (C:\Users\ifang\AppData\Local\Programs\MiKTeX\tex/generic/pgf/basiclayer\pgfcorescopes.code.tex
File: pgfcorescopes.code.tex 2020/12/01 v3.1.7a (3.1.7a)
\pgfpic=\box60
\pgf@hbox=\box61
\pgf@layerbox@main=\box62
\pgf@picture@serial@count=\count281
) (C:\Users\ifang\AppData\Local\Programs\MiKTeX\tex/generic/pgf/basiclayer\pgfcoregraphicstate.code.tex
File: pgfcoregraphicstate.code.tex 2020/12/01 v3.1.7a (3.1.7a)
\pgflinewidth=\dimen187
) (C:\Users\ifang\AppData\Local\Programs\MiKTeX\tex/generic/pgf/basiclayer\pgfcoretransformations.code.tex
File: pgfcoretransformations.code.tex 2020/12/01 v3.1.7a (3.1.7a)
\pgf@pt@x=\dimen188
\pgf@pt@y=\dimen189
\pgf@pt@temp=\dimen190
) (C:\Users\ifang\AppData\Local\Programs\MiKTeX\tex/generic/pgf/basiclayer\pgfcorequick.code.tex
File: pgfcorequick.code.tex 2020/12/01 v3.1.7a (3.1.7a)
) (C:\Users\ifang\AppData\Local\Programs\MiKTeX\tex/generic/pgf/basiclayer\pgfcoreobjects.code.tex
File: pgfcoreobjects.code.tex 2020/12/01 v3.1.7a (3.1.7a)
) (C:\Users\ifang\AppData\Local\Programs\MiKTeX\tex/generic/pgf/basiclayer\pgfcorepathprocessing.code.tex
File: pgfcorepathprocessing.code.tex 2020/12/01 v3.1.7a (3.1.7a)
) (C:\Users\ifang\AppData\Local\Programs\MiKTeX\tex/generic/pgf/basiclayer\pgfcorearrows.code.tex
File: pgfcorearrows.code.tex 2020/12/01 v3.1.7a (3.1.7a)
\pgfarrowsep=\dimen191
) (C:\Users\ifang\AppData\Local\Programs\MiKTeX\tex/generic/pgf/basiclayer\pgfcoreshade.code.tex
File: pgfcoreshade.code.tex 2020/12/01 v3.1.7a (3.1.7a)
\pgf@max=\dimen192
\pgf@sys@shading@range@num=\count282
\pgf@shadingcount=\count283
) (C:\Users\ifang\AppData\Local\Programs\MiKTeX\tex/generic/pgf/basiclayer\pgfcoreimage.code.tex
File: pgfcoreimage.code.tex 2020/12/01 v3.1.7a (3.1.7a)
 (C:\Users\ifang\AppData\Local\Programs\MiKTeX\tex/generic/pgf/basiclayer\pgfcoreexternal.code.tex
File: pgfcoreexternal.code.tex 2020/12/01 v3.1.7a (3.1.7a)
\pgfexternal@startupbox=\box63
)) (C:\Users\ifang\AppData\Local\Programs\MiKTeX\tex/generic/pgf/basiclayer\pgfcorelayers.code.tex
File: pgfcorelayers.code.tex 2020/12/01 v3.1.7a (3.1.7a)
) (C:\Users\ifang\AppData\Local\Programs\MiKTeX\tex/generic/pgf/basiclayer\pgfcoretransparency.code.tex
File: pgfcoretransparency.code.tex 2020/12/01 v3.1.7a (3.1.7a)
) (C:\Users\ifang\AppData\Local\Programs\MiKTeX\tex/generic/pgf/basiclayer\pgfcorepatterns.code.tex
File: pgfcorepatterns.code.tex 2020/12/01 v3.1.7a (3.1.7a)
) (C:\Users\ifang\AppData\Local\Programs\MiKTeX\tex/generic/pgf/basiclayer\pgfcorerdf.code.tex
File: pgfcorerdf.code.tex 2020/12/01 v3.1.7a (3.1.7a)
))) (C:\Users\ifang\AppData\Local\Programs\MiKTeX\tex/generic/pgf/modules\pgfmoduleshapes.code.tex
File: pgfmoduleshapes.code.tex 2020/12/01 v3.1.7a (3.1.7a)
\pgfnodeparttextbox=\box64
) (C:\Users\ifang\AppData\Local\Programs\MiKTeX\tex/generic/pgf/modules\pgfmoduleplot.code.tex
File: pgfmoduleplot.code.tex 2020/12/01 v3.1.7a (3.1.7a)
) (C:\Users\ifang\AppData\Local\Programs\MiKTeX\tex/latex/pgf/compatibility\pgfcomp-version-0-65.sty
Package: pgfcomp-version-0-65 2020/12/01 v3.1.7a (3.1.7a)
\pgf@nodesepstart=\dimen193
\pgf@nodesepend=\dimen194
) (C:\Users\ifang\AppData\Local\Programs\MiKTeX\tex/latex/pgf/compatibility\pgfcomp-version-1-18.sty
Package: pgfcomp-version-1-18 2020/12/01 v3.1.7a (3.1.7a)
)) (C:\Users\ifang\AppData\Local\Programs\MiKTeX\tex/latex/pgf/utilities\pgffor.sty (C:\Users\ifang\AppData\Local\Programs\MiKTeX\tex/latex/pgf/utilities\pgfkeys.sty (C:\Users\ifang\AppData\Local\Programs\MiKTeX\tex/generic/pgf/utilities\pgfkeys.code.tex)) (C:\Users\ifang\AppData\Local\Programs\MiKTeX\tex/latex/pgf/math\pgfmath.sty (C:\Users\ifang\AppData\Local\Programs\MiKTeX\tex/generic/pgf/math\pgfmath.code.tex)) (C:\Users\ifang\AppData\Local\Programs\MiKTeX\tex/generic/pgf/utilities\pgffor.code.tex
Package: pgffor 2020/12/01 v3.1.7a (3.1.7a)
 (C:\Users\ifang\AppData\Local\Programs\MiKTeX\tex/generic/pgf/math\pgfmath.code.tex)
\pgffor@iter=\dimen195
\pgffor@skip=\dimen196
\pgffor@stack=\toks38
\pgffor@toks=\toks39
)) (C:\Users\ifang\AppData\Local\Programs\MiKTeX\tex/generic/pgf/frontendlayer/tikz\tikz.code.tex
Package: tikz 2020/12/01 v3.1.7a (3.1.7a)
 (C:\Users\ifang\AppData\Local\Programs\MiKTeX\tex/generic/pgf/libraries\pgflibraryplothandlers.code.tex
File: pgflibraryplothandlers.code.tex 2020/12/01 v3.1.7a (3.1.7a)
\pgf@plot@mark@count=\count284
\pgfplotmarksize=\dimen197
)
\tikz@lastx=\dimen198
\tikz@lasty=\dimen199
\tikz@lastxsaved=\dimen256
\tikz@lastysaved=\dimen257
\tikz@lastmovetox=\dimen258
\tikz@lastmovetoy=\dimen259
\tikzleveldistance=\dimen260
\tikzsiblingdistance=\dimen261
\tikz@figbox=\box65
\tikz@figbox@bg=\box66
\tikz@tempbox=\box67
\tikz@tempbox@bg=\box68
\tikztreelevel=\count285
\tikznumberofchildren=\count286
\tikznumberofcurrentchild=\count287
\tikz@fig@count=\count288
 (C:\Users\ifang\AppData\Local\Programs\MiKTeX\tex/generic/pgf/modules\pgfmodulematrix.code.tex
File: pgfmodulematrix.code.tex 2020/12/01 v3.1.7a (3.1.7a)
\pgfmatrixcurrentrow=\count289
\pgfmatrixcurrentcolumn=\count290
\pgf@matrix@numberofcolumns=\count291
)
\tikz@expandcount=\count292
 (C:\Users\ifang\AppData\Local\Programs\MiKTeX\tex/generic/pgf/frontendlayer/tikz/libraries\tikzlibrarytopaths.code.tex
File: tikzlibrarytopaths.code.tex 2020/12/01 v3.1.7a (3.1.7a)
))) (C:\Users\ifang\AppData\Local\Programs\MiKTeX\tex/latex/mdframed\md-frame-1.mdf
File: md-frame-1.mdf 2013/07/01\ 1.9b: md-frame-1
)
\mdf@frametitlebox=\box69
\mdf@footnotebox=\box70
\mdf@splitbox@one=\box71
\mdf@splitbox@two=\box72
\mdf@splitbox@save=\box73
\mdfsplitboxwidth=\skip114
\mdfsplitboxtotalwidth=\skip115
\mdfsplitboxheight=\skip116
\mdfsplitboxdepth=\skip117
\mdfsplitboxtotalheight=\skip118
\mdfframetitleboxwidth=\skip119
\mdfframetitleboxtotalwidth=\skip120
\mdfframetitleboxheight=\skip121
\mdfframetitleboxdepth=\skip122
\mdfframetitleboxtotalheight=\skip123
\mdffootnoteboxwidth=\skip124
\mdffootnoteboxtotalwidth=\skip125
\mdffootnoteboxheight=\skip126
\mdffootnoteboxdepth=\skip127
\mdffootnoteboxtotalheight=\skip128
\mdftotallinewidth=\skip129
\mdfboundingboxwidth=\skip130
\mdfboundingboxtotalwidth=\skip131
\mdfboundingboxheight=\skip132
\mdfboundingboxdepth=\skip133
\mdfboundingboxtotalheight=\skip134
\mdf@freevspace@length=\skip135
\mdf@horizontalwidthofbox@length=\skip136
\mdf@verticalmarginwhole@length=\skip137
\mdf@horizontalspaceofbox=\skip138
\mdfsubtitleheight=\skip139
\mdfsubsubtitleheight=\skip140
\c@mdfcountframes=\count293

****** mdframed patching \endmdf@trivlist

****** -- success******

\mdf@envdepth=\count294
\c@mdf@env@i=\count295
\c@mdf@env@ii=\count296
\c@mdf@zref@counter=\count297
Package zref Info: New property: mdf@pagevalue on input line 895.
) (C:\Users\ifang\AppData\Local\Programs\MiKTeX\tex/latex/listings\listings.sty
\lst@mode=\count298
\lst@gtempboxa=\box74
\lst@token=\toks40
\lst@length=\count299
\lst@currlwidth=\dimen262
\lst@column=\count300
\lst@pos=\count301
\lst@lostspace=\dimen263
\lst@width=\dimen264
\lst@newlines=\count302
\lst@lineno=\count303
\lst@maxwidth=\dimen265
 (C:\Users\ifang\AppData\Local\Programs\MiKTeX\tex/latex/listings\lstmisc.sty
File: lstmisc.sty 2020/03/24 1.8d (Carsten Heinz)
\c@lstnumber=\count304
\lst@skipnumbers=\count305
\lst@framebox=\box75
) (C:\Users\ifang\AppData\Local\Programs\MiKTeX\tex/latex/listings\listings.cfg
File: listings.cfg 2020/03/24 1.8d listings configuration
))
Package: listings 2020/03/24 1.8d (Carsten Heinz)
 (C:\Users\ifang\AppData\Local\Programs\MiKTeX\tex/latex/geometry\geometry.sty
Package: geometry 2020/01/02 v5.9 Page Geometry
 (C:\Users\ifang\AppData\Local\Programs\MiKTeX\tex/generic/iftex\ifvtex.sty
Package: ifvtex 2019/10/25 v1.7 ifvtex legacy package. Use iftex instead.
)
\Gm@cnth=\count306
\Gm@cntv=\count307
\c@Gm@tempcnt=\count308
\Gm@bindingoffset=\dimen266
\Gm@wd@mp=\dimen267
\Gm@odd@mp=\dimen268
\Gm@even@mp=\dimen269
\Gm@layoutwidth=\dimen270
\Gm@layoutheight=\dimen271
\Gm@layouthoffset=\dimen272
\Gm@layoutvoffset=\dimen273
\Gm@dimlist=\toks41
 (C:\Users\ifang\AppData\Local\Programs\MiKTeX\tex/latex/geometry\geometry.cfg)) (C:\Users\ifang\AppData\Local\Programs\MiKTeX\tex/latex/base\inputenc.sty
Package: inputenc 2020/08/01 v1.3d Input encoding file
\inpenc@prehook=\toks42
\inpenc@posthook=\toks43
)
(C:\Users\ifang\AppData\Local\Programs\MiKTeX\tex/latex/base\fontenc.sty
Package: fontenc 2020/08/10 v2.0s Standard LaTeX package
) (C:\Users\ifang\AppData\Local\Programs\MiKTeX\tex/latex/xcharter\XCharter.sty
Package: XCharter 2020/09/20 v1.208
 `XCharter' v1.208, 2020/09/20 Text macros for XCharter, an extension of Charter (msharpe) (C:\Users\ifang\AppData\Local\Programs\MiKTeX\tex/latex/base\fontenc.sty
Package: fontenc 2020/08/10 v2.0s Standard LaTeX package
 (C:\Users\ifang\AppData\Local\Programs\MiKTeX\tex/latex/cyrillic\t2aenc.def
File: t2aenc.def 2005/09/27 v1.0i Cyrillic encoding definition file
Now handling font encoding T2A ...
... processing UTF-8 mapping file for font encoding T2A
 (C:\Users\ifang\AppData\Local\Programs\MiKTeX\tex/latex/base\t2aenc.dfu
File: t2aenc.dfu 2019/11/14 v1.2k UTF-8 support for inputenc
   defining Unicode char U+00A4 (decimal 164)
   defining Unicode char U+00A7 (decimal 167)
   defining Unicode char U+00AB (decimal 171)
   defining Unicode char U+00BB (decimal 187)
   defining Unicode char U+0131 (decimal 305)
   defining Unicode char U+0237 (decimal 567)
   defining Unicode char U+0400 (decimal 1024)
   defining Unicode char U+0401 (decimal 1025)
   defining Unicode char U+0402 (decimal 1026)
   defining Unicode char U+0403 (decimal 1027)
   defining Unicode char U+0404 (decimal 1028)
   defining Unicode char U+0405 (decimal 1029)
   defining Unicode char U+0406 (decimal 1030)
   defining Unicode char U+0407 (decimal 1031)
   defining Unicode char U+0408 (decimal 1032)
   defining Unicode char U+0409 (decimal 1033)
   defining Unicode char U+040A (decimal 1034)
   defining Unicode char U+040B (decimal 1035)
   defining Unicode char U+040C (decimal 1036)
   defining Unicode char U+040D (decimal 1037)
   defining Unicode char U+040E (decimal 1038)
   defining Unicode char U+040F (decimal 1039)
   defining Unicode char U+0410 (decimal 1040)
   defining Unicode char U+0411 (decimal 1041)
   defining Unicode char U+0412 (decimal 1042)
   defining Unicode char U+0413 (decimal 1043)
   defining Unicode char U+0414 (decimal 1044)
   defining Unicode char U+0415 (decimal 1045)
   defining Unicode char U+0416 (decimal 1046)
   defining Unicode char U+0417 (decimal 1047)
   defining Unicode char U+0418 (decimal 1048)
   defining Unicode char U+0419 (decimal 1049)
   defining Unicode char U+041A (decimal 1050)
   defining Unicode char U+041B (decimal 1051)
   defining Unicode char U+041C (decimal 1052)
   defining Unicode char U+041D (decimal 1053)
   defining Unicode char U+041E (decimal 1054)
   defining Unicode char U+041F (decimal 1055)
   defining Unicode char U+0420 (decimal 1056)
   defining Unicode char U+0421 (decimal 1057)
   defining Unicode char U+0422 (decimal 1058)
   defining Unicode char U+0423 (decimal 1059)
   defining Unicode char U+0424 (decimal 1060)
   defining Unicode char U+0425 (decimal 1061)
   defining Unicode char U+0426 (decimal 1062)
   defining Unicode char U+0427 (decimal 1063)
   defining Unicode char U+0428 (decimal 1064)
   defining Unicode char U+0429 (decimal 1065)
   defining Unicode char U+042A (decimal 1066)
   defining Unicode char U+042B (decimal 1067)
   defining Unicode char U+042C (decimal 1068)
   defining Unicode char U+042D (decimal 1069)
   defining Unicode char U+042E (decimal 1070)
   defining Unicode char U+042F (decimal 1071)
   defining Unicode char U+0430 (decimal 1072)
   defining Unicode char U+0431 (decimal 1073)
   defining Unicode char U+0432 (decimal 1074)
   defining Unicode char U+0433 (decimal 1075)
   defining Unicode char U+0434 (decimal 1076)
   defining Unicode char U+0435 (decimal 1077)
   defining Unicode char U+0436 (decimal 1078)
   defining Unicode char U+0437 (decimal 1079)
   defining Unicode char U+0438 (decimal 1080)
   defining Unicode char U+0439 (decimal 1081)
   defining Unicode char U+043A (decimal 1082)
   defining Unicode char U+043B (decimal 1083)
   defining Unicode char U+043C (decimal 1084)
   defining Unicode char U+043D (decimal 1085)
   defining Unicode char U+043E (decimal 1086)
   defining Unicode char U+043F (decimal 1087)
   defining Unicode char U+0440 (decimal 1088)
   defining Unicode char U+0441 (decimal 1089)
   defining Unicode char U+0442 (decimal 1090)
   defining Unicode char U+0443 (decimal 1091)
   defining Unicode char U+0444 (decimal 1092)
   defining Unicode char U+0445 (decimal 1093)
   defining Unicode char U+0446 (decimal 1094)
   defining Unicode char U+0447 (decimal 1095)
   defining Unicode char U+0448 (decimal 1096)
   defining Unicode char U+0449 (decimal 1097)
   defining Unicode char U+044A (decimal 1098)
   defining Unicode char U+044B (decimal 1099)
   defining Unicode char U+044C (decimal 1100)
   defining Unicode char U+044D (decimal 1101)
   defining Unicode char U+044E (decimal 1102)
   defining Unicode char U+044F (decimal 1103)
   defining Unicode char U+0450 (decimal 1104)
   defining Unicode char U+0451 (decimal 1105)
   defining Unicode char U+0452 (decimal 1106)
   defining Unicode char U+0453 (decimal 1107)
   defining Unicode char U+0454 (decimal 1108)
   defining Unicode char U+0455 (decimal 1109)
   defining Unicode char U+0456 (decimal 1110)
   defining Unicode char U+0457 (decimal 1111)
   defining Unicode char U+0458 (decimal 1112)
   defining Unicode char U+0459 (decimal 1113)
   defining Unicode char U+045A (decimal 1114)
   defining Unicode char U+045B (decimal 1115)
   defining Unicode char U+045C (decimal 1116)
   defining Unicode char U+045D (decimal 1117)
   defining Unicode char U+045E (decimal 1118)
   defining Unicode char U+045F (decimal 1119)
   defining Unicode char U+0490 (decimal 1168)
   defining Unicode char U+0491 (decimal 1169)
   defining Unicode char U+0492 (decimal 1170)
   defining Unicode char U+0493 (decimal 1171)
   defining Unicode char U+0496 (decimal 1174)
   defining Unicode char U+0497 (decimal 1175)
   defining Unicode char U+0498 (decimal 1176)
   defining Unicode char U+0499 (decimal 1177)
   defining Unicode char U+049A (decimal 1178)
   defining Unicode char U+049B (decimal 1179)
   defining Unicode char U+049C (decimal 1180)
   defining Unicode char U+049D (decimal 1181)
   defining Unicode char U+04A0 (decimal 1184)
   defining Unicode char U+04A1 (decimal 1185)
   defining Unicode char U+04A2 (decimal 1186)
   defining Unicode char U+04A3 (decimal 1187)
   defining Unicode char U+04A4 (decimal 1188)
   defining Unicode char U+04A5 (decimal 1189)
   defining Unicode char U+04AA (decimal 1194)
   defining Unicode char U+04AB (decimal 1195)
   defining Unicode char U+04AE (decimal 1198)
   defining Unicode char U+04AF (decimal 1199)
   defining Unicode char U+04B0 (decimal 1200)
   defining Unicode char U+04B1 (decimal 1201)
   defining Unicode char U+04B2 (decimal 1202)
   defining Unicode char U+04B3 (decimal 1203)
   defining Unicode char U+04B6 (decimal 1206)
   defining Unicode char U+04B7 (decimal 1207)
   defining Unicode char U+04B8 (decimal 1208)
   defining Unicode char U+04B9 (decimal 1209)
   defining Unicode char U+04BA (decimal 1210)
   defining Unicode char U+04BB (decimal 1211)
   defining Unicode char U+04C0 (decimal 1216)
   defining Unicode char U+04C1 (decimal 1217)
   defining Unicode char U+04C2 (decimal 1218)
   defining Unicode char U+04D0 (decimal 1232)
   defining Unicode char U+04D1 (decimal 1233)
   defining Unicode char U+04D2 (decimal 1234)
   defining Unicode char U+04D3 (decimal 1235)
   defining Unicode char U+04D4 (decimal 1236)
   defining Unicode char U+04D5 (decimal 1237)
   defining Unicode char U+04D6 (decimal 1238)
   defining Unicode char U+04D7 (decimal 1239)
   defining Unicode char U+04D8 (decimal 1240)
   defining Unicode char U+04D9 (decimal 1241)
   defining Unicode char U+04DA (decimal 1242)
   defining Unicode char U+04DB (decimal 1243)
   defining Unicode char U+04DC (decimal 1244)
   defining Unicode char U+04DD (decimal 1245)
   defining Unicode char U+04DE (decimal 1246)
   defining Unicode char U+04DF (decimal 1247)
   defining Unicode char U+04E2 (decimal 1250)
   defining Unicode char U+04E3 (decimal 1251)
   defining Unicode char U+04E4 (decimal 1252)
   defining Unicode char U+04E5 (decimal 1253)
   defining Unicode char U+04E6 (decimal 1254)
   defining Unicode char U+04E7 (decimal 1255)
   defining Unicode char U+04E8 (decimal 1256)
   defining Unicode char U+04E9 (decimal 1257)
   defining Unicode char U+04EC (decimal 1260)
   defining Unicode char U+04ED (decimal 1261)
   defining Unicode char U+04EE (decimal 1262)
   defining Unicode char U+04EF (decimal 1263)
   defining Unicode char U+04F0 (decimal 1264)
   defining Unicode char U+04F1 (decimal 1265)
   defining Unicode char U+04F2 (decimal 1266)
   defining Unicode char U+04F3 (decimal 1267)
   defining Unicode char U+04F4 (decimal 1268)
   defining Unicode char U+04F5 (decimal 1269)
   defining Unicode char U+04F8 (decimal 1272)
   defining Unicode char U+04F9 (decimal 1273)
   defining Unicode char U+200C (decimal 8204)
   defining Unicode char U+2013 (decimal 8211)
   defining Unicode char U+2014 (decimal 8212)
   defining Unicode char U+2018 (decimal 8216)
   defining Unicode char U+2019 (decimal 8217)
   defining Unicode char U+201C (decimal 8220)
   defining Unicode char U+201D (decimal 8221)
   defining Unicode char U+201E (decimal 8222)
   defining Unicode char U+2030 (decimal 8240)
   defining Unicode char U+2031 (decimal 8241)
   defining Unicode char U+2116 (decimal 8470)
   defining Unicode char U+2329 (decimal 9001)
   defining Unicode char U+232A (decimal 9002)
   defining Unicode char U+2423 (decimal 9251)
   defining Unicode char U+27E8 (decimal 10216)
   defining Unicode char U+27E9 (decimal 10217)
   defining Unicode char U+FB00 (decimal 64256)
   defining Unicode char U+FB01 (decimal 64257)
   defining Unicode char U+FB02 (decimal 64258)
   defining Unicode char U+FB03 (decimal 64259)
   defining Unicode char U+FB04 (decimal 64260)
   defining Unicode char U+FB05 (decimal 64261)
   defining Unicode char U+FB06 (decimal 64262)
)) (C:\Users\ifang\AppData\Local\Programs\MiKTeX\tex/latex/ly1\ly1enc.def
File: ly1enc.def 2009/07/22 v0.7 TeX 'n ANSI encoding (DPC/KB)
Now handling font encoding LY1 ...
... processing UTF-8 mapping file for font encoding LY1
 (C:\Users\ifang\AppData\Local\Programs\MiKTeX\tex/latex/base\ly1enc.dfu
File: ly1enc.dfu 2019/11/14 v1.2k UTF-8 support for inputenc
   defining Unicode char U+00A0 (decimal 160)
   defining Unicode char U+00A1 (decimal 161)
   defining Unicode char U+00A2 (decimal 162)
   defining Unicode char U+00A3 (decimal 163)
   defining Unicode char U+00A4 (decimal 164)
   defining Unicode char U+00A5 (decimal 165)
   defining Unicode char U+00A6 (decimal 166)
   defining Unicode char U+00A7 (decimal 167)
   defining Unicode char U+00AA (decimal 170)
   defining Unicode char U+00AB (decimal 171)
   defining Unicode char U+00AD (decimal 173)
   defining Unicode char U+00AE (decimal 174)
   defining Unicode char U+00B0 (decimal 176)
   defining Unicode char U+00B5 (decimal 181)
   defining Unicode char U+00B6 (decimal 182)
   defining Unicode char U+00B7 (decimal 183)
   defining Unicode char U+00BA (decimal 186)
   defining Unicode char U+00BB (decimal 187)
   defining Unicode char U+00BC (decimal 188)
   defining Unicode char U+00BD (decimal 189)
   defining Unicode char U+00BE (decimal 190)
   defining Unicode char U+00BF (decimal 191)
   defining Unicode char U+00C0 (decimal 192)
   defining Unicode char U+00C1 (decimal 193)
   defining Unicode char U+00C2 (decimal 194)
   defining Unicode char U+00C3 (decimal 195)
   defining Unicode char U+00C4 (decimal 196)
   defining Unicode char U+00C5 (decimal 197)
   defining Unicode char U+00C6 (decimal 198)
   defining Unicode char U+00C7 (decimal 199)
   defining Unicode char U+00C8 (decimal 200)
   defining Unicode char U+00C9 (decimal 201)
   defining Unicode char U+00CA (decimal 202)
   defining Unicode char U+00CB (decimal 203)
   defining Unicode char U+00CC (decimal 204)
   defining Unicode char U+00CD (decimal 205)
   defining Unicode char U+00CE (decimal 206)
   defining Unicode char U+00CF (decimal 207)
   defining Unicode char U+00D0 (decimal 208)
   defining Unicode char U+00D1 (decimal 209)
   defining Unicode char U+00D2 (decimal 210)
   defining Unicode char U+00D3 (decimal 211)
   defining Unicode char U+00D4 (decimal 212)
   defining Unicode char U+00D5 (decimal 213)
   defining Unicode char U+00D6 (decimal 214)
   defining Unicode char U+00D8 (decimal 216)
   defining Unicode char U+00D9 (decimal 217)
   defining Unicode char U+00DA (decimal 218)
   defining Unicode char U+00DB (decimal 219)
   defining Unicode char U+00DC (decimal 220)
   defining Unicode char U+00DD (decimal 221)
   defining Unicode char U+00DE (decimal 222)
   defining Unicode char U+00DF (decimal 223)
   defining Unicode char U+00E0 (decimal 224)
   defining Unicode char U+00E1 (decimal 225)
   defining Unicode char U+00E2 (decimal 226)
   defining Unicode char U+00E3 (decimal 227)
   defining Unicode char U+00E4 (decimal 228)
   defining Unicode char U+00E5 (decimal 229)
   defining Unicode char U+00E6 (decimal 230)
   defining Unicode char U+00E7 (decimal 231)
   defining Unicode char U+00E8 (decimal 232)
   defining Unicode char U+00E9 (decimal 233)
   defining Unicode char U+00EA (decimal 234)
   defining Unicode char U+00EB (decimal 235)
   defining Unicode char U+00EC (decimal 236)
   defining Unicode char U+00ED (decimal 237)
   defining Unicode char U+00EE (decimal 238)
   defining Unicode char U+00EF (decimal 239)
   defining Unicode char U+00F0 (decimal 240)
   defining Unicode char U+00F1 (decimal 241)
   defining Unicode char U+00F2 (decimal 242)
   defining Unicode char U+00F3 (decimal 243)
   defining Unicode char U+00F4 (decimal 244)
   defining Unicode char U+00F5 (decimal 245)
   defining Unicode char U+00F6 (decimal 246)
   defining Unicode char U+00F8 (decimal 248)
   defining Unicode char U+00F9 (decimal 249)
   defining Unicode char U+00FA (decimal 250)
   defining Unicode char U+00FB (decimal 251)
   defining Unicode char U+00FC (decimal 252)
   defining Unicode char U+00FD (decimal 253)
   defining Unicode char U+00FE (decimal 254)
   defining Unicode char U+00FF (decimal 255)
   defining Unicode char U+0131 (decimal 305)
   defining Unicode char U+0141 (decimal 321)
   defining Unicode char U+0142 (decimal 322)
   defining Unicode char U+0152 (decimal 338)
   defining Unicode char U+0153 (decimal 339)
   defining Unicode char U+0160 (decimal 352)
   defining Unicode char U+0161 (decimal 353)
   defining Unicode char U+0174 (decimal 372)
   defining Unicode char U+0175 (decimal 373)
   defining Unicode char U+0176 (decimal 374)
   defining Unicode char U+0177 (decimal 375)
   defining Unicode char U+0178 (decimal 376)
   defining Unicode char U+017D (decimal 381)
   defining Unicode char U+017E (decimal 382)
   defining Unicode char U+0192 (decimal 402)
   defining Unicode char U+0218 (decimal 536)
   defining Unicode char U+0219 (decimal 537)
   defining Unicode char U+021A (decimal 538)
   defining Unicode char U+021B (decimal 539)
   defining Unicode char U+0237 (decimal 567)
   defining Unicode char U+02C6 (decimal 710)
   defining Unicode char U+02DC (decimal 732)
   defining Unicode char U+2013 (decimal 8211)
   defining Unicode char U+2014 (decimal 8212)
   defining Unicode char U+201C (decimal 8220)
   defining Unicode char U+201D (decimal 8221)
   defining Unicode char U+2020 (decimal 8224)
   defining Unicode char U+2021 (decimal 8225)
   defining Unicode char U+2022 (decimal 8226)
   defining Unicode char U+2026 (decimal 8230)
   defining Unicode char U+2030 (decimal 8240)
   defining Unicode char U+2039 (decimal 8249)
   defining Unicode char U+203A (decimal 8250)
   defining Unicode char U+2122 (decimal 8482)
   defining Unicode char U+FB00 (decimal 64256)
   defining Unicode char U+FB01 (decimal 64257)
   defining Unicode char U+FB02 (decimal 64258)
   defining Unicode char U+FB03 (decimal 64259)
   defining Unicode char U+FB04 (decimal 64260)
   defining Unicode char U+FB05 (decimal 64261)
   defining Unicode char U+FB06 (decimal 64262)
))) (C:\Users\ifang\AppData\Local\Programs\MiKTeX\tex/latex/base\textcomp.sty
Package: textcomp 2020/02/02 v2.0n Standard LaTeX package
) (C:\Users\ifang\AppData\Local\Programs\MiKTeX\tex/latex/carlisle\scalefnt.sty)
LaTeX Font Info:    Setting XCharter-LF sub-encoding to TS1/0 on input line 16.
LaTeX Font Info:    Changing XCharter-TLF sub-encoding to TS1/0 on input line 16.
LaTeX Font Info:    Setting XCharter-OsF sub-encoding to TS1/0 on input line 16.
LaTeX Font Info:    Changing XCharter-TOsF sub-encoding to TS1/0 on input line 16.
 (C:\Users\ifang\AppData\Local\Programs\MiKTeX\tex/latex/xstring\xstring.sty (C:\Users\ifang\AppData\Local\Programs\MiKTeX\tex/generic/xstring\xstring.tex
\integerpart=\count309
\decimalpart=\count310
)
Package: xstring 2019/02/06 v1.83 String manipulations (CT)
) (C:\Users\ifang\AppData\Local\Programs\MiKTeX\tex/latex/fontaxes\fontaxes.sty
Package: fontaxes 2020/07/21 v1.0e Font selection axes
LaTeX Info: Redefining \upshape on input line 29.
LaTeX Info: Redefining \itshape on input line 31.
LaTeX Info: Redefining \slshape on input line 33.
LaTeX Info: Redefining \swshape on input line 35.
LaTeX Info: Redefining \scshape on input line 37.
LaTeX Info: Redefining \sscshape on input line 39.
LaTeX Info: Redefining \ulcshape on input line 41.
LaTeX Info: Redefining \textsw on input line 47.
LaTeX Info: Redefining \textssc on input line 48.
LaTeX Info: Redefining \textulc on input line 49.
) (C:\Users\ifang\AppData\Local\Programs\MiKTeX\tex/latex/xkeyval\xkeyval.sty
Package: xkeyval 2020/11/20 v2.8 package option processing (HA)
 (C:\Users\ifang\AppData\Local\Programs\MiKTeX\tex/generic/xkeyval\xkeyval.tex (C:\Users\ifang\AppData\Local\Programs\MiKTeX\tex/generic/xkeyval\xkvutils.tex
\XKV@toks=\toks44
\XKV@tempa@toks=\toks45
)
\XKV@depth=\count311
File: xkeyval.tex 2014/12/03 v2.7a key=value parser (HA)
)))
\c@Question=\count312
)
LaTeX Font Info:    Trying to load font information for T1+XCharter-TLF on input line 44.
 (C:\Users\ifang\AppData\Local\Programs\MiKTeX\tex/latex/xcharter\t1xcharter-tlf.fd
File: T1XCharter-TLF.fd 2017/06/25 (autoinst) Font definitions for T1/XCharter-TLF.
)
LaTeX Font Info:    Font shape `T1/XCharter-TLF/m/n' will be
(Font)              scaled to size 10.0pt on input line 44.
 (c:/Users\ifang\Documents\2901grpAssign\main.aux)
\openout1 = `main.aux'.

LaTeX Font Info:    Checking defaults for OML/cmm/m/it on input line 44.
LaTeX Font Info:    ... okay on input line 44.
LaTeX Font Info:    Checking defaults for OMS/cmsy/m/n on input line 44.
LaTeX Font Info:    ... okay on input line 44.
LaTeX Font Info:    Checking defaults for OT1/cmr/m/n on input line 44.
LaTeX Font Info:    ... okay on input line 44.
LaTeX Font Info:    Checking defaults for T1/cmr/m/n on input line 44.
LaTeX Font Info:    ... okay on input line 44.
LaTeX Font Info:    Checking defaults for TS1/cmr/m/n on input line 44.
LaTeX Font Info:    ... okay on input line 44.
LaTeX Font Info:    Checking defaults for OMX/cmex/m/n on input line 44.
LaTeX Font Info:    ... okay on input line 44.
LaTeX Font Info:    Checking defaults for U/cmr/m/n on input line 44.
LaTeX Font Info:    ... okay on input line 44.
LaTeX Font Info:    Checking defaults for T2A/cmr/m/n on input line 44.
LaTeX Font Info:    Trying to load font information for T2A+cmr on input line 44.
 (C:\Users\ifang\AppData\Local\Programs\MiKTeX\tex/latex/cyrillic\t2acmr.fd
File: t2acmr.fd 2001/08/11 v1.0a Computer Modern Cyrillic font definitions
)
LaTeX Font Info:    ... okay on input line 44.
LaTeX Font Info:    Checking defaults for LY1/ptm/m/n on input line 44.
LaTeX Font Info:    Trying to load font information for LY1+ptm on input line 44.
 (C:\Users\ifang\AppData\Local\Programs\MiKTeX\tex/latex/ly1\ly1ptm.fd
File: ly1ptm.fd 2001/02/01 font definitions for LY1/ptm using Berry names.
)
LaTeX Font Info:    ... okay on input line 44.
 (C:\Users\ifang\AppData\Local\Programs\MiKTeX\tex/context/base/mkii\supp-pdf.mkii
[Loading MPS to PDF converter (version 2006.09.02).]
\scratchcounter=\count313
\scratchdimen=\dimen274
\scratchbox=\box76
\nofMPsegments=\count314
\nofMParguments=\count315
\everyMPshowfont=\toks46
\MPscratchCnt=\count316
\MPscratchDim=\dimen275
\MPnumerator=\count317
\makeMPintoPDFobject=\count318
\everyMPtoPDFconversion=\toks47
) (C:\Users\ifang\AppData\Local\Programs\MiKTeX\tex/latex/epstopdf-pkg\epstopdf-base.sty
Package: epstopdf-base 2020-01-24 v2.11 Base part for package epstopdf
Package epstopdf-base Info: Redefining graphics rule for `.eps' on input line 485.
)
\c@lstlisting=\count319

*geometry* driver: auto-detecting
*geometry* detected driver: pdftex
*geometry* verbose mode - [ preamble ] result:
* driver: pdftex
* paper: a4paper
* layout: <same size as paper>
* layoutoffset:(h,v)=(0.0pt,0.0pt)
* modes: 
* h-part:(L,W,R)=(71.13188pt, 455.24411pt, 71.13188pt)
* v-part:(T,H,B)=(71.13188pt, 688.5567pt, 85.35826pt)
* \paperwidth=597.50787pt
* \paperheight=845.04684pt
* \textwidth=455.24411pt
* \textheight=688.5567pt
* \oddsidemargin=-1.1381pt
* \evensidemargin=-1.1381pt
* \topmargin=-49.28133pt
* \headheight=14.0pt
* \headsep=34.14322pt
* \topskip=10.0pt
* \footskip=42.67912pt
* \marginparwidth=65.0pt
* \marginparsep=11.0pt
* \columnsep=10.0pt
* \skip\footins=9.0pt plus 4.0pt minus 2.0pt
* \hoffset=0.0pt
* \voffset=0.0pt
* \mag=1000
* \@twocolumnfalse
* \@twosidefalse
* \@mparswitchfalse
* \@reversemarginfalse
* (1in=72.27pt=25.4mm, 1cm=28.453pt)

\c@mv@tabular=\count320
\c@mv@boldtabular=\count321
LaTeX Font Info:    Font shape `T1/XCharter-TLF/m/n' will be
(Font)              scaled to size 17.28pt on input line 46.
LaTeX Font Info:    Font shape `T1/XCharter-TLF/m/n' will be
(Font)              scaled to size 12.0pt on input line 46.
LaTeX Font Info:    Trying to load font information for U+msa on input line 46.
(C:\Users\ifang\AppData\Local\Programs\MiKTeX\tex/latex/amsfonts\umsa.fd
File: umsa.fd 2013/01/14 v3.01 AMS symbols A
)
LaTeX Font Info:    Trying to load font information for U+msb on input line 46.
 (C:\Users\ifang\AppData\Local\Programs\MiKTeX\tex/latex/amsfonts\umsb.fd
File: umsb.fd 2013/01/14 v3.01 AMS symbols B
)
LaTeX Font Info:    Trying to load font information for U+stmry on input line 46.
 (C:\Users\ifang\AppData\Local\Programs\MiKTeX\tex/latex/stmaryrd\ustmry.fd)
LaTeX Font Info:    Trying to load font information for T1+cmtt on input line 46.
 (C:\Users\ifang\AppData\Local\Programs\MiKTeX\tex/latex/base\t1cmtt.fd
File: t1cmtt.fd 2019/12/16 v2.5j Standard LaTeX font definitions
)
LaTeX Font Info:    Font shape `T1/XCharter-TLF/m/n' will be
(Font)              scaled to size 14.4pt on input line 52.
LaTeX Font Info:    Font shape `T1/XCharter-TLF/b/n' will be
(Font)              scaled to size 14.4pt on input line 52.
 [1

{C:/Users/ifang/AppData/Local/MiKTeX/pdftex/config/pdftex.map}]
Overfull \hbox (167.12439pt too wide) detected at line 141
[]
 []

[2] [3] (c:/Users\ifang\Documents\2901grpAssign\main.aux) ) 
Here is how much of TeX's memory you used:
 19151 strings out of 479697
 356423 string characters out of 2867134
 645696 words of memory out of 3000000
 35829 multiletter control sequences out of 15000+200000
 444563 words of font info for 70 fonts, out of 3000000 for 9000
 1141 hyphenation exceptions out of 8191
 131i,10n,134p,580b,294s stack positions out of 5000i,500n,10000p,200000b,50000s
{C:/Users/ifang/AppData/Local/Programs/MiKTeX/fonts/enc/dvips/xcharter/xch_rydp4l.enc} <C:\Users\ifang\AppData\Local\MiKTeX\fonts/pk/ljfour/jknappen/ec/dpi600\ectt1200.pk><C:/Users/ifang/AppData/Local/Programs/MiKTeX/fonts/type1/public/xcharter/XCharter-Bold.pfb><C:/Users/ifang/AppData/Local/Programs/MiKTeX/fonts/type1/public/xcharter/XCharter-Roman.pfb><C:/Users/ifang/AppData/Local/Programs/MiKTeX/fonts/type1/public/amsfonts/cm/cmex10.pfb><C:/Users/ifang/AppData/Local/Programs/MiKTeX/fonts/type1/public/amsfonts/cm/cmmi10.pfb><C:/Users/ifang/AppData/Local/Programs/MiKTeX/fonts/type1/public/amsfonts/cm/cmmi7.pfb><C:/Users/ifang/AppData/Local/Programs/MiKTeX/fonts/type1/public/amsfonts/cm/cmr10.pfb><C:/Users/ifang/AppData/Local/Programs/MiKTeX/fonts/type1/public/amsfonts/cm/cmr7.pfb><C:/Users/ifang/AppData/Local/Programs/MiKTeX/fonts/type1/public/amsfonts/cm/cmsy10.pfb><C:/Users/ifang/AppData/Local/Programs/MiKTeX/fonts/type1/public/amsfonts/cm/cmsy7.pfb><C:/Users/ifang/AppData/Local/Programs/MiKTeX/fonts/type1/public/amsfonts/symbols/msbm10.pfb>
Output written on c:/Users\ifang\Documents\2901grpAssign\main.pdf (3 pages, 192960 bytes).
PDF statistics:
 77 PDF objects out of 1000 (max. 8388607)
 0 named destinations out of 1000 (max. 500000)
 13 words of extra memory for PDF output out of 10000 (max. 10000000)

